<?xml version="1.0" encoding="UTF-8"?>
<robot generator="Robot 4.1.3 (Python 3.10.2 on win32)" generated="20220213 23:09:34.383" rpa="false" schemaversion="2">
<suite id="s1" name="Invalidnewuser" source="C:\Users\Sreedharreddy\PycharmProjects\robotframe_work\login_suite\invalidnewuser.robot">
<test id="s1-t1" name="TC1">
<kw name="Open Browser" library="SeleniumLibrary">
<arg>url= https://nasscom.in/about-us/career</arg>
<arg>browser=firefox</arg>
<arg>executable_path=${EXECDIR}/driver/geckodriver</arg>
<doc>Opens a new browser instance to the optional ``url``.</doc>
<msg timestamp="20220213 23:09:37.196" level="INFO">Opening browser 'firefox' to base url ' https://nasscom.in/about-us/career'.</msg>
<msg timestamp="20220213 23:09:37.250" level="INFO">Firefox driver log is always forced to to: C:\Users\Sreedharreddy\PycharmProjects\robotframe_work\geckodriver-14.log</msg>
<status status="PASS" starttime="20220213 23:09:37.196" endtime="20220213 23:09:58.886"/>
</kw>
<kw name="Maximize Browser Window" library="SeleniumLibrary">
<doc>Maximizes current browser window.</doc>
<status status="PASS" starttime="20220213 23:09:58.886" endtime="20220213 23:09:58.896"/>
</kw>
<kw name="Click Element" library="SeleniumLibrary">
<arg>xpath=/html/body/header/div[2]/div[2]/div[2]/div[1]/form/div/div/a</arg>
<doc>Click the element identified by ``locator``.</doc>
<msg timestamp="20220213 23:09:58.904" level="INFO">Clicking element 'xpath=/html/body/header/div[2]/div[2]/div[2]/div[1]/form/div/div/a'.</msg>
<status status="PASS" starttime="20220213 23:09:58.904" endtime="20220213 23:09:59.388"/>
</kw>
<kw name="Input Text" library="SeleniumLibrary">
<arg>id=edit-field-fname-reg</arg>
<arg>admin</arg>
<doc>Types the given ``text`` into the text field identified by ``locator``.</doc>
<msg timestamp="20220213 23:09:59.388" level="INFO">Typing text 'admin' into text field 'id=edit-field-fname-reg'.</msg>
<status status="PASS" starttime="20220213 23:09:59.388" endtime="20220213 23:09:59.542"/>
</kw>
<kw name="Input Text" library="SeleniumLibrary">
<arg>id=edit-field-lname</arg>
<arg>pass</arg>
<doc>Types the given ``text`` into the text field identified by ``locator``.</doc>
<msg timestamp="20220213 23:09:59.542" level="INFO">Typing text 'pass' into text field 'id=edit-field-lname'.</msg>
<status status="PASS" starttime="20220213 23:09:59.542" endtime="20220213 23:09:59.639"/>
</kw>
<kw name="Click Element" library="SeleniumLibrary">
<arg>name=op</arg>
<doc>Click the element identified by ``locator``.</doc>
<msg timestamp="20220213 23:09:59.639" level="INFO">Clicking element 'name=op'.</msg>
<status status="PASS" starttime="20220213 23:09:59.639" endtime="20220213 23:10:02.137"/>
</kw>
<kw name="Close Browser" library="SeleniumLibrary">
<doc>Closes the current browser.</doc>
<status status="PASS" starttime="20220213 23:10:02.137" endtime="20220213 23:10:07.618"/>
</kw>
<status status="PASS" starttime="20220213 23:09:37.196" endtime="20220213 23:10:07.618"/>
</test>
<status status="PASS" starttime="20220213 23:09:34.437" endtime="20220213 23:10:07.649"/>
</suite>
<statistics>
<total>
<stat pass="1" fail="0" skip="0">All Tests</stat>
</total>
<tag>
</tag>
<suite>
<stat pass="1" fail="0" skip="0" id="s1" name="Invalidnewuser">Invalidnewuser</stat>
</suite>
</statistics>
<errors>
</errors>
</robot>
