<?xml version="1.0" encoding="UTF-8"?>
<robot generator="Robot 4.1.3 (Python 3.10.2 on win32)" generated="20220213 22:21:40.718" rpa="false" schemaversion="2">
<suite id="s1" name="Verifynewuser" source="C:\Users\Sreedharreddy\PycharmProjects\robotframe_work\login_suite\verifynewuser.robot">
<test id="s1-t1" name="TC1">
<kw name="Open Browser" library="SeleniumLibrary">
<arg>url= https://nasscom.in/about-us/career</arg>
<arg>browser=firefox</arg>
<arg>executable_path=${EXECDIR}/driver/geckodriver</arg>
<doc>Opens a new browser instance to the optional ``url``.</doc>
<msg timestamp="20220213 22:21:42.711" level="INFO">Opening browser 'firefox' to base url ' https://nasscom.in/about-us/career'.</msg>
<msg timestamp="20220213 22:21:42.933" level="INFO">Firefox driver log is always forced to to: C:\Users\Sreedharreddy\PycharmProjects\robotframe_work\geckodriver-11.log</msg>
<status status="PASS" starttime="20220213 22:21:42.710" endtime="20220213 22:22:16.226"/>
</kw>
<kw name="Maximize Browser Window" library="SeleniumLibrary">
<doc>Maximizes current browser window.</doc>
<status status="PASS" starttime="20220213 22:22:16.228" endtime="20220213 22:22:16.247"/>
</kw>
<kw name="Click Element" library="SeleniumLibrary">
<arg>xpath=/html/body/header/div[2]/div[2]/div[2]/div[1]/form/div/div/a</arg>
<doc>Click the element identified by ``locator``.</doc>
<msg timestamp="20220213 22:22:16.250" level="INFO">Clicking element 'xpath=/html/body/header/div[2]/div[2]/div[2]/div[1]/form/div/div/a'.</msg>
<status status="PASS" starttime="20220213 22:22:16.247" endtime="20220213 22:22:17.962"/>
</kw>
<kw name="Input Text" library="SeleniumLibrary">
<arg>id=edit-field-fname-reg</arg>
<arg>admin</arg>
<doc>Types the given ``text`` into the text field identified by ``locator``.</doc>
<msg timestamp="20220213 22:22:17.962" level="INFO">Typing text 'admin' into text field 'id=edit-field-fname-reg'.</msg>
<status status="PASS" starttime="20220213 22:22:17.962" endtime="20220213 22:22:18.654"/>
</kw>
<kw name="Input Text" library="SeleniumLibrary">
<arg>id=edit-field-lname</arg>
<arg>pass</arg>
<doc>Types the given ``text`` into the text field identified by ``locator``.</doc>
<msg timestamp="20220213 22:22:18.662" level="INFO">Typing text 'pass' into text field 'id=edit-field-lname'.</msg>
<status status="PASS" starttime="20220213 22:22:18.659" endtime="20220213 22:22:19.012"/>
</kw>
<kw name="Input Text" library="SeleniumLibrary">
<arg>id=edit-mail</arg>
<arg>saimanvithakurapati@gmail.com</arg>
<doc>Types the given ``text`` into the text field identified by ``locator``.</doc>
<msg timestamp="20220213 22:22:19.015" level="INFO">Typing text 'saimanvithakurapati@gmail.com' into text field 'id=edit-mail'.</msg>
<status status="PASS" starttime="20220213 22:22:19.012" endtime="20220213 22:22:19.211"/>
</kw>
<kw name="Input Text" library="SeleniumLibrary">
<arg>id=edit-field-company-name-registration</arg>
<arg>google</arg>
<doc>Types the given ``text`` into the text field identified by ``locator``.</doc>
<msg timestamp="20220213 22:22:19.213" level="INFO">Typing text 'google' into text field 'id=edit-field-company-name-registration'.</msg>
<status status="PASS" starttime="20220213 22:22:19.212" endtime="20220213 22:22:19.257"/>
</kw>
<kw name="Select From List By Label" library="SeleniumLibrary">
<arg>field_business_focus_reg</arg>
<arg>IT Consulting</arg>
<doc>Selects options from selection list ``locator`` by ``labels``.</doc>
<msg timestamp="20220213 22:22:19.260" level="INFO">Selecting options from selection list 'field_business_focus_reg' by label IT Consulting.</msg>
<status status="PASS" starttime="20220213 22:22:19.258" endtime="20220213 22:22:19.696"/>
</kw>
<kw name="Click Element" library="SeleniumLibrary">
<arg>name=op</arg>
<doc>Click the element identified by ``locator``.</doc>
<msg timestamp="20220213 22:22:19.700" level="INFO">Clicking element 'name=op'.</msg>
<status status="PASS" starttime="20220213 22:22:19.699" endtime="20220213 22:22:20.301"/>
</kw>
<kw name="Close Browser" library="SeleniumLibrary">
<doc>Closes the current browser.</doc>
<status status="PASS" starttime="20220213 22:22:20.305" endtime="20220213 22:22:23.512"/>
</kw>
<status status="PASS" starttime="20220213 22:21:42.709" endtime="20220213 22:22:23.513"/>
</test>
<status status="PASS" starttime="20220213 22:21:40.721" endtime="20220213 22:22:23.545"/>
</suite>
<statistics>
<total>
<stat pass="1" fail="0" skip="0">All Tests</stat>
</total>
<tag>
</tag>
<suite>
<stat pass="1" fail="0" skip="0" id="s1" name="Verifynewuser">Verifynewuser</stat>
</suite>
</statistics>
<errors>
</errors>
</robot>
